{"/mnt/dados_linux/Meus Documentos/projetos/api-express/app.js": {"path":"/mnt/dados_linux/Meus Documentos/projetos/api-express/app.js","all":false,"statementMap":{"0":{"start":{"line":1,"column":0},"end":{"line":1,"column":35}},"1":{"start":{"line":2,"column":0},"end":{"line":2,"column":94}},"2":{"start":{"line":3,"column":0},"end":{"line":3,"column":22}},"3":{"start":{"line":4,"column":0},"end":{"line":4,"column":24}},"4":{"start":{"line":5,"column":0},"end":{"line":5,"column":0}},"5":{"start":{"line":6,"column":0},"end":{"line":6,"column":25}},"6":{"start":{"line":7,"column":0},"end":{"line":7,"column":57}},"7":{"start":{"line":8,"column":0},"end":{"line":8,"column":60}},"8":{"start":{"line":9,"column":0},"end":{"line":9,"column":55}},"9":{"start":{"line":10,"column":0},"end":{"line":10,"column":2}},"10":{"start":{"line":11,"column":0},"end":{"line":11,"column":0}},"11":{"start":{"line":12,"column":0},"end":{"line":12,"column":24}},"12":{"start":{"line":13,"column":0},"end":{"line":13,"column":65}},"13":{"start":{"line":14,"column":0},"end":{"line":14,"column":66}},"14":{"start":{"line":15,"column":0},"end":{"line":15,"column":66}},"15":{"start":{"line":16,"column":0},"end":{"line":16,"column":65}},"16":{"start":{"line":17,"column":0},"end":{"line":17,"column":66}},"17":{"start":{"line":18,"column":0},"end":{"line":18,"column":67}},"18":{"start":{"line":19,"column":0},"end":{"line":19,"column":2}},"19":{"start":{"line":20,"column":0},"end":{"line":20,"column":0}},"20":{"start":{"line":21,"column":0},"end":{"line":21,"column":36}},"21":{"start":{"line":22,"column":0},"end":{"line":22,"column":34}},"22":{"start":{"line":23,"column":0},"end":{"line":23,"column":0}},"23":{"start":{"line":24,"column":0},"end":{"line":24,"column":24}},"24":{"start":{"line":25,"column":0},"end":{"line":25,"column":57}},"25":{"start":{"line":26,"column":0},"end":{"line":26,"column":55}},"26":{"start":{"line":27,"column":0},"end":{"line":27,"column":2}},"27":{"start":{"line":28,"column":0},"end":{"line":28,"column":0}},"28":{"start":{"line":29,"column":0},"end":{"line":29,"column":35}},"29":{"start":{"line":30,"column":0},"end":{"line":30,"column":20}},"30":{"start":{"line":31,"column":0},"end":{"line":31,"column":2}},"31":{"start":{"line":32,"column":0},"end":{"line":32,"column":0}},"32":{"start":{"line":33,"column":0},"end":{"line":33,"column":42}},"33":{"start":{"line":34,"column":0},"end":{"line":34,"column":57}},"34":{"start":{"line":35,"column":0},"end":{"line":35,"column":0}},"35":{"start":{"line":36,"column":0},"end":{"line":36,"column":34}},"36":{"start":{"line":37,"column":0},"end":{"line":37,"column":61}},"37":{"start":{"line":38,"column":0},"end":{"line":38,"column":3}},"38":{"start":{"line":39,"column":0},"end":{"line":39,"column":0}},"39":{"start":{"line":40,"column":0},"end":{"line":40,"column":57}},"40":{"start":{"line":41,"column":0},"end":{"line":41,"column":17}},"41":{"start":{"line":42,"column":0},"end":{"line":42,"column":68}},"42":{"start":{"line":43,"column":0},"end":{"line":43,"column":3}},"43":{"start":{"line":44,"column":0},"end":{"line":44,"column":0}},"44":{"start":{"line":45,"column":0},"end":{"line":45,"column":62}},"45":{"start":{"line":46,"column":0},"end":{"line":46,"column":0}},"46":{"start":{"line":47,"column":0},"end":{"line":47,"column":7}},"47":{"start":{"line":48,"column":0},"end":{"line":48,"column":50}},"48":{"start":{"line":49,"column":0},"end":{"line":49,"column":24}},"49":{"start":{"line":50,"column":0},"end":{"line":50,"column":19}},"50":{"start":{"line":51,"column":0},"end":{"line":51,"column":43}},"51":{"start":{"line":52,"column":0},"end":{"line":52,"column":60}},"52":{"start":{"line":53,"column":0},"end":{"line":53,"column":5}},"53":{"start":{"line":54,"column":0},"end":{"line":54,"column":76}},"54":{"start":{"line":55,"column":0},"end":{"line":55,"column":3}},"55":{"start":{"line":56,"column":0},"end":{"line":56,"column":0}},"56":{"start":{"line":57,"column":0},"end":{"line":57,"column":7}},"57":{"start":{"line":58,"column":0},"end":{"line":58,"column":38}},"58":{"start":{"line":59,"column":0},"end":{"line":59,"column":19}},"59":{"start":{"line":60,"column":0},"end":{"line":60,"column":64}},"60":{"start":{"line":61,"column":0},"end":{"line":61,"column":3}},"61":{"start":{"line":62,"column":0},"end":{"line":62,"column":0}},"62":{"start":{"line":63,"column":0},"end":{"line":63,"column":22}},"63":{"start":{"line":64,"column":0},"end":{"line":64,"column":27}},"64":{"start":{"line":65,"column":0},"end":{"line":65,"column":14}},"65":{"start":{"line":66,"column":0},"end":{"line":66,"column":15}},"66":{"start":{"line":67,"column":0},"end":{"line":67,"column":22}},"67":{"start":{"line":68,"column":0},"end":{"line":68,"column":4}},"68":{"start":{"line":69,"column":0},"end":{"line":69,"column":27}},"69":{"start":{"line":70,"column":0},"end":{"line":70,"column":0}},"70":{"start":{"line":71,"column":0},"end":{"line":71,"column":42}},"71":{"start":{"line":72,"column":0},"end":{"line":72,"column":3}},"72":{"start":{"line":73,"column":0},"end":{"line":73,"column":0}},"73":{"start":{"line":74,"column":0},"end":{"line":74,"column":39}},"74":{"start":{"line":75,"column":0},"end":{"line":75,"column":58}},"75":{"start":{"line":76,"column":0},"end":{"line":76,"column":0}},"76":{"start":{"line":77,"column":0},"end":{"line":77,"column":16}},"77":{"start":{"line":78,"column":0},"end":{"line":78,"column":67}},"78":{"start":{"line":79,"column":0},"end":{"line":79,"column":3}},"79":{"start":{"line":80,"column":0},"end":{"line":80,"column":0}},"80":{"start":{"line":81,"column":0},"end":{"line":81,"column":67}},"81":{"start":{"line":82,"column":0},"end":{"line":82,"column":0}},"82":{"start":{"line":83,"column":0},"end":{"line":83,"column":12}},"83":{"start":{"line":84,"column":0},"end":{"line":84,"column":11}},"84":{"start":{"line":85,"column":0},"end":{"line":85,"column":58}},"85":{"start":{"line":86,"column":0},"end":{"line":86,"column":5}},"86":{"start":{"line":87,"column":0},"end":{"line":87,"column":3}},"87":{"start":{"line":88,"column":0},"end":{"line":88,"column":0}},"88":{"start":{"line":89,"column":0},"end":{"line":89,"column":21}}},"s":{"0":1,"1":1,"2":1,"3":1,"4":1,"5":1,"6":1,"7":1,"8":1,"9":1,"10":1,"11":1,"12":1,"13":1,"14":1,"15":1,"16":1,"17":1,"18":1,"19":1,"20":1,"21":1,"22":1,"23":1,"24":12,"25":12,"26":12,"27":1,"28":1,"29":1,"30":1,"31":1,"32":1,"33":8,"34":8,"35":8,"36":1,"37":1,"38":7,"39":7,"40":8,"41":1,"42":1,"43":6,"44":6,"45":6,"46":6,"47":6,"48":4,"49":8,"50":2,"51":1,"52":1,"53":1,"54":1,"55":4,"56":4,"57":4,"58":8,"59":1,"60":1,"61":3,"62":3,"63":3,"64":3,"65":3,"66":3,"67":3,"68":3,"69":3,"70":3,"71":1,"72":1,"73":1,"74":3,"75":3,"76":3,"77":1,"78":1,"79":2,"80":2,"81":2,"82":2,"83":2,"84":3,"85":3,"86":1,"87":1,"88":1},"branchMap":{"0":{"type":"branch","line":24,"loc":{"start":{"line":24,"column":17},"end":{"line":27,"column":2}},"locations":[{"start":{"line":24,"column":17},"end":{"line":27,"column":2}}]},"1":{"type":"branch","line":29,"loc":{"start":{"line":29,"column":20},"end":{"line":31,"column":2}},"locations":[{"start":{"line":29,"column":20},"end":{"line":31,"column":2}}]},"2":{"type":"branch","line":33,"loc":{"start":{"line":33,"column":21},"end":{"line":72,"column":2}},"locations":[{"start":{"line":33,"column":21},"end":{"line":72,"column":2}}]},"3":{"type":"branch","line":36,"loc":{"start":{"line":36,"column":33},"end":{"line":38,"column":3}},"locations":[{"start":{"line":36,"column":33},"end":{"line":38,"column":3}}]},"4":{"type":"branch","line":38,"loc":{"start":{"line":38,"column":2},"end":{"line":41,"column":16}},"locations":[{"start":{"line":38,"column":2},"end":{"line":41,"column":16}}]},"5":{"type":"branch","line":41,"loc":{"start":{"line":41,"column":16},"end":{"line":43,"column":3}},"locations":[{"start":{"line":41,"column":16},"end":{"line":43,"column":3}}]},"6":{"type":"branch","line":43,"loc":{"start":{"line":43,"column":2},"end":{"line":48,"column":50}},"locations":[{"start":{"line":43,"column":2},"end":{"line":48,"column":50}}]},"7":{"type":"branch","line":48,"loc":{"start":{"line":48,"column":49},"end":{"line":50,"column":4}},"locations":[{"start":{"line":48,"column":49},"end":{"line":50,"column":4}}]},"8":{"type":"branch","line":50,"loc":{"start":{"line":50,"column":4},"end":{"line":55,"column":3}},"locations":[{"start":{"line":50,"column":4},"end":{"line":55,"column":3}}]},"9":{"type":"branch","line":51,"loc":{"start":{"line":51,"column":42},"end":{"line":55,"column":3}},"locations":[{"start":{"line":51,"column":42},"end":{"line":55,"column":3}}]},"10":{"type":"branch","line":55,"loc":{"start":{"line":55,"column":2},"end":{"line":59,"column":4}},"locations":[{"start":{"line":55,"column":2},"end":{"line":59,"column":4}}]},"11":{"type":"branch","line":59,"loc":{"start":{"line":59,"column":4},"end":{"line":61,"column":3}},"locations":[{"start":{"line":59,"column":4},"end":{"line":61,"column":3}}]},"12":{"type":"branch","line":61,"loc":{"start":{"line":61,"column":2},"end":{"line":72,"column":2}},"locations":[{"start":{"line":61,"column":2},"end":{"line":72,"column":2}}]},"13":{"type":"branch","line":40,"loc":{"start":{"line":40,"column":32},"end":{"line":40,"column":55}},"locations":[{"start":{"line":40,"column":32},"end":{"line":40,"column":55}}]},"14":{"type":"branch","line":74,"loc":{"start":{"line":74,"column":24},"end":{"line":87,"column":2}},"locations":[{"start":{"line":74,"column":24},"end":{"line":87,"column":2}}]},"15":{"type":"branch","line":77,"loc":{"start":{"line":77,"column":15},"end":{"line":79,"column":3}},"locations":[{"start":{"line":77,"column":15},"end":{"line":79,"column":3}}]},"16":{"type":"branch","line":79,"loc":{"start":{"line":79,"column":2},"end":{"line":85,"column":26}},"locations":[{"start":{"line":79,"column":2},"end":{"line":85,"column":26}}]},"17":{"type":"branch","line":85,"loc":{"start":{"line":85,"column":23},"end":{"line":85,"column":41}},"locations":[{"start":{"line":85,"column":23},"end":{"line":85,"column":41}}]},"18":{"type":"branch","line":85,"loc":{"start":{"line":85,"column":41},"end":{"line":85,"column":58}},"locations":[{"start":{"line":85,"column":41},"end":{"line":85,"column":58}}]},"19":{"type":"branch","line":75,"loc":{"start":{"line":75,"column":30},"end":{"line":75,"column":56}},"locations":[{"start":{"line":75,"column":30},"end":{"line":75,"column":56}}]},"20":{"type":"branch","line":81,"loc":{"start":{"line":81,"column":35},"end":{"line":81,"column":65}},"locations":[{"start":{"line":81,"column":35},"end":{"line":81,"column":65}}]}},"b":{"0":[12],"1":[1],"2":[8],"3":[1],"4":[7],"5":[1],"6":[6],"7":[4],"8":[2],"9":[1],"10":[4],"11":[1],"12":[3],"13":[12],"14":[3],"15":[1],"16":[2],"17":[1],"18":[1],"19":[10],"20":[4]},"fnMap":{"0":{"name":"app.resetState","decl":{"start":{"line":24,"column":17},"end":{"line":27,"column":2}},"loc":{"start":{"line":24,"column":17},"end":{"line":27,"column":2}},"line":24}},"f":{"0":12}}
,"/mnt/dados_linux/Meus Documentos/projetos/api-express/services/pedidoService.js": {"path":"/mnt/dados_linux/Meus Documentos/projetos/api-express/services/pedidoService.js","all":false,"statementMap":{"0":{"start":{"line":1,"column":0},"end":{"line":1,"column":31}},"1":{"start":{"line":2,"column":0},"end":{"line":2,"column":0}},"2":{"start":{"line":3,"column":0},"end":{"line":3,"column":52}},"3":{"start":{"line":4,"column":0},"end":{"line":4,"column":30}},"4":{"start":{"line":5,"column":0},"end":{"line":5,"column":30}},"5":{"start":{"line":6,"column":0},"end":{"line":6,"column":35}},"6":{"start":{"line":7,"column":0},"end":{"line":7,"column":33}},"7":{"start":{"line":8,"column":0},"end":{"line":8,"column":3}},"8":{"start":{"line":9,"column":0},"end":{"line":9,"column":20}},"9":{"start":{"line":10,"column":0},"end":{"line":10,"column":1}},"10":{"start":{"line":11,"column":0},"end":{"line":11,"column":0}},"11":{"start":{"line":12,"column":0},"end":{"line":12,"column":42}},"12":{"start":{"line":13,"column":0},"end":{"line":13,"column":7}},"13":{"start":{"line":14,"column":0},"end":{"line":14,"column":85}},"14":{"start":{"line":15,"column":0},"end":{"line":15,"column":0}},"15":{"start":{"line":16,"column":0},"end":{"line":16,"column":46}},"16":{"start":{"line":17,"column":0},"end":{"line":17,"column":38}},"17":{"start":{"line":18,"column":0},"end":{"line":18,"column":5}},"18":{"start":{"line":19,"column":0},"end":{"line":19,"column":0}},"19":{"start":{"line":20,"column":0},"end":{"line":20,"column":19}},"20":{"start":{"line":21,"column":0},"end":{"line":21,"column":36}},"21":{"start":{"line":22,"column":0},"end":{"line":22,"column":16}},"22":{"start":{"line":23,"column":0},"end":{"line":23,"column":43}},"23":{"start":{"line":24,"column":0},"end":{"line":24,"column":17}},"24":{"start":{"line":25,"column":0},"end":{"line":25,"column":5}},"25":{"start":{"line":26,"column":0},"end":{"line":26,"column":0}},"26":{"start":{"line":27,"column":0},"end":{"line":27,"column":17}},"27":{"start":{"line":28,"column":0},"end":{"line":28,"column":19}},"28":{"start":{"line":29,"column":0},"end":{"line":29,"column":43}},"29":{"start":{"line":30,"column":0},"end":{"line":30,"column":18}},"30":{"start":{"line":31,"column":0},"end":{"line":31,"column":5}},"31":{"start":{"line":32,"column":0},"end":{"line":32,"column":48}},"32":{"start":{"line":33,"column":0},"end":{"line":33,"column":35}},"33":{"start":{"line":34,"column":0},"end":{"line":34,"column":3}},"34":{"start":{"line":35,"column":0},"end":{"line":35,"column":1}},"35":{"start":{"line":36,"column":0},"end":{"line":36,"column":0}},"36":{"start":{"line":37,"column":0},"end":{"line":37,"column":44}},"37":{"start":{"line":38,"column":0},"end":{"line":38,"column":35}},"38":{"start":{"line":39,"column":0},"end":{"line":39,"column":42}},"39":{"start":{"line":40,"column":0},"end":{"line":40,"column":3}},"40":{"start":{"line":41,"column":0},"end":{"line":41,"column":30}},"41":{"start":{"line":42,"column":0},"end":{"line":42,"column":1}},"42":{"start":{"line":43,"column":0},"end":{"line":43,"column":0}},"43":{"start":{"line":44,"column":0},"end":{"line":44,"column":18}},"44":{"start":{"line":45,"column":0},"end":{"line":45,"column":19}},"45":{"start":{"line":46,"column":0},"end":{"line":46,"column":16}},"46":{"start":{"line":47,"column":0},"end":{"line":47,"column":14}},"47":{"start":{"line":48,"column":0},"end":{"line":48,"column":2}}},"s":{"0":1,"1":1,"2":6,"3":6,"4":6,"5":3,"6":3,"7":3,"8":6,"9":6,"10":1,"11":6,"12":6,"13":6,"14":5,"15":6,"16":1,"17":1,"18":4,"19":4,"20":6,"21":2,"22":2,"23":1,"24":1,"25":4,"26":4,"27":6,"28":2,"29":1,"30":1,"31":1,"32":1,"33":1,"34":6,"35":1,"36":4,"37":4,"38":1,"39":1,"40":3,"41":3,"42":1,"43":1,"44":1,"45":1,"46":1,"47":1},"branchMap":{"0":{"type":"branch","line":3,"loc":{"start":{"line":3,"column":0},"end":{"line":10,"column":1}},"locations":[{"start":{"line":3,"column":0},"end":{"line":10,"column":1}}]},"1":{"type":"branch","line":5,"loc":{"start":{"line":5,"column":29},"end":{"line":8,"column":3}},"locations":[{"start":{"line":5,"column":29},"end":{"line":8,"column":3}}]},"2":{"type":"branch","line":12,"loc":{"start":{"line":12,"column":0},"end":{"line":35,"column":1}},"locations":[{"start":{"line":12,"column":0},"end":{"line":35,"column":1}}]},"3":{"type":"branch","line":14,"loc":{"start":{"line":14,"column":84},"end":{"line":16,"column":43}},"locations":[{"start":{"line":14,"column":84},"end":{"line":16,"column":43}}]},"4":{"type":"branch","line":16,"loc":{"start":{"line":16,"column":45},"end":{"line":18,"column":5}},"locations":[{"start":{"line":16,"column":45},"end":{"line":18,"column":5}}]},"5":{"type":"branch","line":18,"loc":{"start":{"line":18,"column":4},"end":{"line":21,"column":35}},"locations":[{"start":{"line":18,"column":4},"end":{"line":21,"column":35}}]},"6":{"type":"branch","line":21,"loc":{"start":{"line":21,"column":35},"end":{"line":25,"column":5}},"locations":[{"start":{"line":21,"column":35},"end":{"line":25,"column":5}}]},"7":{"type":"branch","line":23,"loc":{"start":{"line":23,"column":42},"end":{"line":25,"column":5}},"locations":[{"start":{"line":23,"column":42},"end":{"line":25,"column":5}}]},"8":{"type":"branch","line":25,"loc":{"start":{"line":25,"column":4},"end":{"line":28,"column":4}},"locations":[{"start":{"line":25,"column":4},"end":{"line":28,"column":4}}]},"9":{"type":"branch","line":28,"loc":{"start":{"line":28,"column":4},"end":{"line":34,"column":3}},"locations":[{"start":{"line":28,"column":4},"end":{"line":34,"column":3}}]},"10":{"type":"branch","line":29,"loc":{"start":{"line":29,"column":42},"end":{"line":34,"column":3}},"locations":[{"start":{"line":29,"column":42},"end":{"line":34,"column":3}}]},"11":{"type":"branch","line":37,"loc":{"start":{"line":37,"column":0},"end":{"line":42,"column":1}},"locations":[{"start":{"line":37,"column":0},"end":{"line":42,"column":1}}]},"12":{"type":"branch","line":38,"loc":{"start":{"line":38,"column":34},"end":{"line":40,"column":3}},"locations":[{"start":{"line":38,"column":34},"end":{"line":40,"column":3}}]},"13":{"type":"branch","line":40,"loc":{"start":{"line":40,"column":2},"end":{"line":42,"column":1}},"locations":[{"start":{"line":40,"column":2},"end":{"line":42,"column":1}}]}},"b":{"0":[6],"1":[3],"2":[6],"3":[5],"4":[1],"5":[4],"6":[2],"7":[1],"8":[4],"9":[2],"10":[1],"11":[4],"12":[1],"13":[3]},"fnMap":{"0":{"name":"calcularDesconto","decl":{"start":{"line":3,"column":0},"end":{"line":10,"column":1}},"loc":{"start":{"line":3,"column":0},"end":{"line":10,"column":1}},"line":3},"1":{"name":"calcularFrete","decl":{"start":{"line":12,"column":0},"end":{"line":35,"column":1}},"loc":{"start":{"line":12,"column":0},"end":{"line":35,"column":1}},"line":12},"2":{"name":"debitarSaldo","decl":{"start":{"line":37,"column":0},"end":{"line":42,"column":1}},"loc":{"start":{"line":37,"column":0},"end":{"line":42,"column":1}},"line":37}},"f":{"0":6,"1":6,"2":4}}
}
