TN:
SF:app.js
FN:24,app.resetState
FNF:1
FNH:1
FNDA:12,app.resetState
DA:1,1
DA:2,1
DA:3,1
DA:4,1
DA:5,1
DA:6,1
DA:7,1
DA:8,1
DA:9,1
DA:10,1
DA:11,1
DA:12,1
DA:13,1
DA:14,1
DA:15,1
DA:16,1
DA:17,1
DA:18,1
DA:19,1
DA:20,1
DA:21,1
DA:22,1
DA:23,1
DA:24,1
DA:25,12
DA:26,12
DA:27,12
DA:28,1
DA:29,1
DA:30,1
DA:31,1
DA:32,1
DA:33,1
DA:34,8
DA:35,8
DA:36,8
DA:37,1
DA:38,1
DA:39,7
DA:40,7
DA:41,8
DA:42,1
DA:43,1
DA:44,6
DA:45,6
DA:46,6
DA:47,6
DA:48,6
DA:49,4
DA:50,8
DA:51,2
DA:52,1
DA:53,1
DA:54,1
DA:55,1
DA:56,4
DA:57,4
DA:58,4
DA:59,8
DA:60,1
DA:61,1
DA:62,3
DA:63,3
DA:64,3
DA:65,3
DA:66,3
DA:67,3
DA:68,3
DA:69,3
DA:70,3
DA:71,3
DA:72,1
DA:73,1
DA:74,1
DA:75,3
DA:76,3
DA:77,3
DA:78,1
DA:79,1
DA:80,2
DA:81,2
DA:82,2
DA:83,2
DA:84,2
DA:85,3
DA:86,3
DA:87,1
DA:88,1
DA:89,1
LF:89
LH:89
BRDA:24,0,0,12
BRDA:29,1,0,1
BRDA:33,2,0,8
BRDA:36,3,0,1
BRDA:38,4,0,7
BRDA:41,5,0,1
BRDA:43,6,0,6
BRDA:48,7,0,4
BRDA:50,8,0,2
BRDA:51,9,0,1
BRDA:55,10,0,4
BRDA:59,11,0,1
BRDA:61,12,0,3
BRDA:40,13,0,12
BRDA:74,14,0,3
BRDA:77,15,0,1
BRDA:79,16,0,2
BRDA:85,17,0,1
BRDA:85,18,0,1
BRDA:75,19,0,10
BRDA:81,20,0,4
BRF:21
BRH:21
end_of_record
TN:
SF:services/pedidoService.js
FN:3,calcularDesconto
FN:12,calcularFrete
FN:37,debitarSaldo
FNF:3
FNH:3
FNDA:6,calcularDesconto
FNDA:6,calcularFrete
FNDA:4,debitarSaldo
DA:1,1
DA:2,1
DA:3,6
DA:4,6
DA:5,6
DA:6,3
DA:7,3
DA:8,3
DA:9,6
DA:10,6
DA:11,1
DA:12,6
DA:13,6
DA:14,6
DA:15,5
DA:16,6
DA:17,1
DA:18,1
DA:19,4
DA:20,4
DA:21,6
DA:22,2
DA:23,2
DA:24,1
DA:25,1
DA:26,4
DA:27,4
DA:28,6
DA:29,2
DA:30,1
DA:31,1
DA:32,1
DA:33,1
DA:34,1
DA:35,6
DA:36,1
DA:37,4
DA:38,4
DA:39,1
DA:40,1
DA:41,3
DA:42,3
DA:43,1
DA:44,1
DA:45,1
DA:46,1
DA:47,1
DA:48,1
LF:48
LH:48
BRDA:3,0,0,6
BRDA:5,1,0,3
BRDA:12,2,0,6
BRDA:14,3,0,5
BRDA:16,4,0,1
BRDA:18,5,0,4
BRDA:21,6,0,2
BRDA:23,7,0,1
BRDA:25,8,0,4
BRDA:28,9,0,2
BRDA:29,10,0,1
BRDA:37,11,0,4
BRDA:38,12,0,1
BRDA:40,13,0,3
BRF:14
BRH:14
end_of_record
